<?xml version="1.0" encoding="UTF-8"?>
<!-- Generated by org.testng.reporters.JUnitReportReporter -->
<testsuite skipped="0" hostname="PRO-RAET-AVINAS" name="com.APITesting.SampleProject.PostToJsonServer" tests="1" failures="0" timestamp="07 Aug 2018 11:28:40 GMT" time="0.228" errors="0">
  <testcase name="Test_01" time="0.228" classname="com.APITesting.SampleProject.PostToJsonServer"/>
</testsuite> <!-- com.APITesting.SampleProject.PostToJsonServer -->
