<?xml version="1.0" encoding="UTF-8"?>
<!-- Generated by org.testng.reporters.JUnitReportReporter -->
<testsuite skipped="0" hostname="PRO-RAET-AVINAS" name="com.APITesting.SampleProject.GetRequests" tests="1" failures="0" timestamp="07 Aug 2018 11:28:40 GMT" time="1.550" errors="0">
  <testcase name="Test_01" time="1.550" classname="com.APITesting.SampleProject.GetRequests"/>
</testsuite> <!-- com.APITesting.SampleProject.GetRequests -->
